#
# There is insufficient memory for the Java Runtime Environment to continue.
# Native memory allocation (malloc) failed to allocate 2097152 bytes for AllocateHeap
# Possible reasons:
#   The system is out of physical RAM or swap space
#   The process is running with CompressedOops enabled, and the Java Heap may be blocking the growth of the native heap
# Possible solutions:
#   Reduce memory load on the system
#   Increase physical memory or swap space
#   Check if swap backing store is full
#   Decrease Java heap size (-Xmx/-Xms)
#   Decrease number of Java threads
#

#
# JRE version: OpenJDK Runtime Environment Temurin-17.0.7+7 (17.0.7+7) (build 17.0.7+7)
# Java VM: OpenJDK 64-Bit Server VM Temurin-17.0.7+7 (17.0.7+7, mixed mode, emulated-client, tiered, compressed oops, compressed class ptrs, g1 gc, windows-amd64)
# No core dump will be written. Minidumps are not enabled by default on client versions of Windows
#

---------------  S U M M A R Y ------------

Command Line: -XX:+HeapDumpOnOutOfMemoryError -Xmx1024m -Dsts.lsp.client=vscode -Dsts.log.file=/dev/null -XX:TieredStopAtLevel=1 -Xlog:jni+resolve=off -Dspring.config.location=file:c:\Users\Lionpro\.vscode\extensions\vmware.vscode-spring-boot-1.47.0\language-server\BOOT-INF\classes\application.properties org.springframework.ide.vscode.boot.app.BootLanguageServerBootApp

Host: Intel(R) Core(TM) i5-3427U CPU @ 1.80GHz, 4 cores, 7G,  Windows 11 , 64 bit Build 22000 (10.0.22000.1880)
Time: Wed Aug  9 16:22:39 2023 Pacific Daylight Time elapsed time: 1407.861758 seconds (0d 0h 23m 27s)

---------------  T H R E A D  ---------------

Current thread (0x000002054a901f30):  VMThread "VM Thread" [stack: 0x00000026a7700000,0x00000026a7800000] [id=21100]

Stack: [0x00000026a7700000,0x00000026a7800000]
Native frames: (J=compiled Java code, j=interpreted, Vv=VM code, C=native code)
V  [jvm.dll+0x67754a]
V  [jvm.dll+0x834304]
V  [jvm.dll+0x835aae]
V  [jvm.dll+0x836113]
V  [jvm.dll+0x24696f]
V  [jvm.dll+0xa681f]
V  [jvm.dll+0x2f7481]
V  [jvm.dll+0x2f30f0]
V  [jvm.dll+0x2db6c7]
V  [jvm.dll+0x31e777]
V  [jvm.dll+0x83a5bb]
V  [jvm.dll+0x83b2f4]
V  [jvm.dll+0x83b80c]
V  [jvm.dll+0x83bbe4]
V  [jvm.dll+0x83bcb0]
V  [jvm.dll+0x7e4e7a]
V  [jvm.dll+0x676395]
C  [ucrtbase.dll+0x26c0c]
C  [KERNEL32.DLL+0x155a0]
C  [ntdll.dll+0x485b]

VM_Operation (0x00000026a89fece0): G1CollectFull, mode: safepoint, requested by thread 0x000002054f6d1250


---------------  P R O C E S S  ---------------

Threads class SMR info:
_java_thread_list=0x0000020550442550, length=18, elements={
0x000002054a95e030, 0x000002054a95eaf0, 0x000002054a98fa20, 0x000002054a9922f0,
0x000002054a992bb0, 0x000002054a993470, 0x000002054a995d40, 0x000002054aae3b50,
0x000002054acd0fb0, 0x000002054acd6a10, 0x000002054fb69f60, 0x000002054fad4020,
0x000002054f6d1250, 0x00000205502d4020, 0x000002053e45a2a0, 0x00000205503ec7f0,
0x000002055008ad10, 0x0000020550429020
}

Java Threads: ( => current thread )
  0x000002054a95e030 JavaThread "Reference Handler" daemon [_thread_blocked, id=5424, stack(0x00000026a7800000,0x00000026a7900000)]
  0x000002054a95eaf0 JavaThread "Finalizer" daemon [_thread_blocked, id=17120, stack(0x00000026a7900000,0x00000026a7a00000)]
  0x000002054a98fa20 JavaThread "Signal Dispatcher" daemon [_thread_blocked, id=5296, stack(0x00000026a7a00000,0x00000026a7b00000)]
  0x000002054a9922f0 JavaThread "Attach Listener" daemon [_thread_blocked, id=18024, stack(0x00000026a7b00000,0x00000026a7c00000)]
  0x000002054a992bb0 JavaThread "Service Thread" daemon [_thread_blocked, id=12728, stack(0x00000026a7c00000,0x00000026a7d00000)]
  0x000002054a993470 JavaThread "Monitor Deflation Thread" daemon [_thread_blocked, id=2668, stack(0x00000026a7d00000,0x00000026a7e00000)]
  0x000002054a995d40 JavaThread "C1 CompilerThread0" daemon [_thread_blocked, id=19764, stack(0x00000026a7e00000,0x00000026a7f00000)]
  0x000002054aae3b50 JavaThread "Sweeper thread" daemon [_thread_blocked, id=18420, stack(0x00000026a7f00000,0x00000026a8000000)]
  0x000002054acd0fb0 JavaThread "Notification Thread" daemon [_thread_blocked, id=4188, stack(0x00000026a8000000,0x00000026a8100000)]
  0x000002054acd6a10 JavaThread "Common-Cleaner" daemon [_thread_blocked, id=19840, stack(0x00000026a8200000,0x00000026a8300000)]
  0x000002054fb69f60 JavaThread "boundedElastic-evictor-1" daemon [_thread_blocked, id=8560, stack(0x00000026a8700000,0x00000026a8800000)]
  0x000002054fad4020 JavaThread "boundedElastic-evictor-2" daemon [_thread_blocked, id=20188, stack(0x00000026a8800000,0x00000026a8900000)]
  0x000002054f6d1250 JavaThread "pool-10-thread-1" [_thread_blocked, id=14844, stack(0x00000026a8900000,0x00000026a8a00000)]
  0x00000205502d4020 JavaThread "LanguageServerApp-lifecycle" [_thread_blocked, id=20708, stack(0x00000026a8a00000,0x00000026a8b00000)]
  0x000002053e45a2a0 JavaThread "DestroyJavaVM" [_thread_blocked, id=8932, stack(0x00000026a7000000,0x00000026a7100000)]
  0x00000205503ec7f0 JavaThread "pool-11-thread-1" [_thread_in_native, id=14640, stack(0x00000026a8b00000,0x00000026a8c00000)]
  0x000002055008ad10 JavaThread "Simple-Language-Server main thread" daemon [_thread_blocked, id=15684, stack(0x00000026a8c00000,0x00000026a8d00000)]
  0x0000020550429020 JavaThread "pool-6-thread-1" [_thread_blocked, id=18616, stack(0x00000026a8d00000,0x00000026a8e00000)]

Other Threads:
=>0x000002054a901f30 VMThread "VM Thread" [stack: 0x00000026a7700000,0x00000026a7800000] [id=21100]
  0x000002054acd1480 WatcherThread [stack: 0x00000026a8100000,0x00000026a8200000] [id=260]
  0x000002053e495260 GCTaskThread "GC Thread#0" [stack: 0x00000026a7200000,0x00000026a7300000] [id=20908]
  0x000002054f4415d0 GCTaskThread "GC Thread#1" [stack: 0x00000026a8400000,0x00000026a8500000] [id=14216]
  0x000002054f509060 GCTaskThread "GC Thread#2" [stack: 0x00000026a8500000,0x00000026a8600000] [id=19164]
  0x000002054ab93c60 GCTaskThread "GC Thread#3" [stack: 0x00000026a8600000,0x00000026a8700000] [id=20968]
  0x000002053e49dfb0 ConcurrentGCThread "G1 Main Marker" [stack: 0x00000026a7300000,0x00000026a7400000] [id=15828]
  0x000002053e49fa40 ConcurrentGCThread "G1 Conc#0" [stack: 0x00000026a7400000,0x00000026a7500000] [id=17956]
  0x000002053e5159f0 ConcurrentGCThread "G1 Refine#0" [stack: 0x00000026a7500000,0x00000026a7600000] [id=18964]
  0x000002053e516480 ConcurrentGCThread "G1 Service" [stack: 0x00000026a7600000,0x00000026a7700000] [id=16940]

Threads with active compile tasks:

VM state: at safepoint (normal execution)

VM Mutex/Monitor currently owned by a thread:  ([mutex/lock_event])
[0x000002053e33fdb0] Threads_lock - owner thread: 0x000002054a901f30
[0x000002053e4497b0] Heap_lock - owner thread: 0x000002054f6d1250

Heap address: 0x00000000c0000000, size: 1024 MB, Compressed Oops mode: 32-bit

CDS archive(s) not mapped
Compressed class space mapped at: 0x0000000100000000-0x0000000140000000, reserved size: 1073741824
Narrow klass base: 0x0000000000000000, Narrow klass shift: 3, Narrow klass range: 0x140000000

GC Precious Log:
 CPUs: 4 total, 4 available
 Memory: 8006M
 Large Page Support: Disabled
 NUMA Support: Disabled
 Compressed Oops: Enabled (32-bit)
 Heap Region Size: 1M
 Heap Min Capacity: 8M
 Heap Initial Capacity: 126M
 Heap Max Capacity: 1G
 Pre-touch: Disabled
 Parallel Workers: 4
 Concurrent Workers: 1
 Concurrent Refinement Workers: 4
 Periodic GC: Disabled

Heap:
 garbage-first heap   total 58368K, used 18141K [0x00000000c0000000, 0x0000000100000000)
  region size 1024K, 1 young (1024K), 0 survivors (0K)
 Metaspace       used 37113K, committed 37632K, reserved 1114112K
  class space    used 4804K, committed 4992K, reserved 1048576K

Heap Regions: E=young(eden), S=young(survivor), O=old, HS=humongous(starts), HC=humongous(continues), CS=collection set, F=free, OA=open archive, CA=closed archive, TAMS=top-at-mark-start (previous, next)
|   0|0x00000000c0000000, 0x00000000c0100000, 0x00000000c0100000|100%|HS|  |TAMS 0x00000000c0100000, 0x00000000c0000000| Untracked 
|   1|0x00000000c0100000, 0x00000000c0200000, 0x00000000c0200000|100%| O|  |TAMS 0x00000000c0200000, 0x00000000c0100000| Untracked 
|   2|0x00000000c0200000, 0x00000000c0300000, 0x00000000c0300000|100%| O|  |TAMS 0x00000000c0300000, 0x00000000c0200000| Untracked 
|   3|0x00000000c0300000, 0x00000000c03fffd8, 0x00000000c0400000| 99%| O|  |TAMS 0x00000000c03fffd8, 0x00000000c0300000| Untracked 
|   4|0x00000000c0400000, 0x00000000c0500000, 0x00000000c0500000|100%| O|  |TAMS 0x00000000c0500000, 0x00000000c0400000| Untracked 
|   5|0x00000000c0500000, 0x00000000c0600000, 0x00000000c0600000|100%| O|  |TAMS 0x00000000c0600000, 0x00000000c0500000| Untracked 
|   6|0x00000000c0600000, 0x00000000c06fffc8, 0x00000000c0700000| 99%| O|  |TAMS 0x00000000c06fffc8, 0x00000000c0600000| Untracked 
|   7|0x00000000c0700000, 0x00000000c0800000, 0x00000000c0800000|100%| O|  |TAMS 0x00000000c0800000, 0x00000000c0700000| Untracked 
|   8|0x00000000c0800000, 0x00000000c08fb2a8, 0x00000000c0900000| 98%| O|  |TAMS 0x00000000c08fb2a8, 0x00000000c0800000| Untracked 
|   9|0x00000000c0900000, 0x00000000c09ffff8, 0x00000000c0a00000| 99%| O|  |TAMS 0x00000000c09ffff8, 0x00000000c0900000| Untracked 
|  10|0x00000000c0a00000, 0x00000000c0af9648, 0x00000000c0b00000| 97%| O|  |TAMS 0x00000000c0af9648, 0x00000000c0a00000| Untracked 
|  11|0x00000000c0b00000, 0x00000000c0bffff0, 0x00000000c0c00000| 99%| O|  |TAMS 0x00000000c0bffff0, 0x00000000c0b00000| Untracked 
|  12|0x00000000c0c00000, 0x00000000c0cfc670, 0x00000000c0d00000| 98%| O|  |TAMS 0x00000000c0cfc670, 0x00000000c0c00000| Untracked 
|  13|0x00000000c0d00000, 0x00000000c0dfffe0, 0x00000000c0e00000| 99%| O|  |TAMS 0x00000000c0dfffe0, 0x00000000c0d00000| Untracked 
|  14|0x00000000c0e00000, 0x00000000c0f00000, 0x00000000c0f00000|100%| O|  |TAMS 0x00000000c0f00000, 0x00000000c0e00000| Untracked 
|  15|0x00000000c0f00000, 0x00000000c0fffff8, 0x00000000c1000000| 99%| O|  |TAMS 0x00000000c0fffff8, 0x00000000c0f00000| Untracked 
|  16|0x00000000c1000000, 0x00000000c10ffff8, 0x00000000c1100000| 99%| O|  |TAMS 0x00000000c10ffff8, 0x00000000c1000000| Untracked 
|  17|0x00000000c1100000, 0x00000000c11c67f8, 0x00000000c1200000| 77%| O|  |TAMS 0x00000000c1100000, 0x00000000c1100000| Untracked 
|  18|0x00000000c1200000, 0x00000000c1200000, 0x00000000c1300000|  0%| F|  |TAMS 0x00000000c1200000, 0x00000000c1200000| Untracked 
|  19|0x00000000c1300000, 0x00000000c1300000, 0x00000000c1400000|  0%| F|  |TAMS 0x00000000c1300000, 0x00000000c1300000| Untracked 
|  20|0x00000000c1400000, 0x00000000c1400000, 0x00000000c1500000|  0%| F|  |TAMS 0x00000000c1400000, 0x00000000c1400000| Untracked 
|  21|0x00000000c1500000, 0x00000000c1500000, 0x00000000c1600000|  0%| F|  |TAMS 0x00000000c1500000, 0x00000000c1500000| Untracked 
|  22|0x00000000c1600000, 0x00000000c1600000, 0x00000000c1700000|  0%| F|  |TAMS 0x00000000c1600000, 0x00000000c1600000| Untracked 
|  23|0x00000000c1700000, 0x00000000c1700000, 0x00000000c1800000|  0%| F|  |TAMS 0x00000000c1700000, 0x00000000c1700000| Untracked 
|  24|0x00000000c1800000, 0x00000000c1800000, 0x00000000c1900000|  0%| F|  |TAMS 0x00000000c1800000, 0x00000000c1800000| Untracked 
|  25|0x00000000c1900000, 0x00000000c1900000, 0x00000000c1a00000|  0%| F|  |TAMS 0x00000000c1900000, 0x00000000c1900000| Untracked 
|  26|0x00000000c1a00000, 0x00000000c1a00000, 0x00000000c1b00000|  0%| F|  |TAMS 0x00000000c1a00000, 0x00000000c1a00000| Untracked 
|  27|0x00000000c1b00000, 0x00000000c1b00000, 0x00000000c1c00000|  0%| F|  |TAMS 0x00000000c1b00000, 0x00000000c1b00000| Untracked 
|  28|0x00000000c1c00000, 0x00000000c1c00000, 0x00000000c1d00000|  0%| F|  |TAMS 0x00000000c1c00000, 0x00000000c1c00000| Untracked 
|  29|0x00000000c1d00000, 0x00000000c1d00000, 0x00000000c1e00000|  0%| F|  |TAMS 0x00000000c1d00000, 0x00000000c1d00000| Untracked 
|  30|0x00000000c1e00000, 0x00000000c1e00000, 0x00000000c1f00000|  0%| F|  |TAMS 0x00000000c1e00000, 0x00000000c1e00000| Untracked 
|  31|0x00000000c1f00000, 0x00000000c1f00000, 0x00000000c2000000|  0%| F|  |TAMS 0x00000000c1f00000, 0x00000000c1f00000| Untracked 
|  32|0x00000000c2000000, 0x00000000c2000000, 0x00000000c2100000|  0%| F|  |TAMS 0x00000000c2000000, 0x00000000c2000000| Untracked 
|  33|0x00000000c2100000, 0x00000000c2100000, 0x00000000c2200000|  0%| F|  |TAMS 0x00000000c2100000, 0x00000000c2100000| Untracked 
|  34|0x00000000c2200000, 0x00000000c2200000, 0x00000000c2300000|  0%| F|  |TAMS 0x00000000c2200000, 0x00000000c2200000| Untracked 
|  35|0x00000000c2300000, 0x00000000c2300000, 0x00000000c2400000|  0%| F|  |TAMS 0x00000000c2300000, 0x00000000c2300000| Untracked 
|  36|0x00000000c2400000, 0x00000000c2400000, 0x00000000c2500000|  0%| F|  |TAMS 0x00000000c2400000, 0x00000000c2400000| Untracked 
|  37|0x00000000c2500000, 0x00000000c2500000, 0x00000000c2600000|  0%| F|  |TAMS 0x00000000c2500000, 0x00000000c2500000| Untracked 
|  38|0x00000000c2600000, 0x00000000c2600000, 0x00000000c2700000|  0%| F|  |TAMS 0x00000000c2600000, 0x00000000c2600000| Untracked 
|  39|0x00000000c2700000, 0x00000000c2700000, 0x00000000c2800000|  0%| F|  |TAMS 0x00000000c2700000, 0x00000000c2700000| Untracked 
|  40|0x00000000c2800000, 0x00000000c2800000, 0x00000000c2900000|  0%| F|  |TAMS 0x00000000c2800000, 0x00000000c2800000| Untracked 
|  41|0x00000000c2900000, 0x00000000c2900000, 0x00000000c2a00000|  0%| F|  |TAMS 0x00000000c2900000, 0x00000000c2900000| Untracked 
|  42|0x00000000c2a00000, 0x00000000c2a00000, 0x00000000c2b00000|  0%| F|  |TAMS 0x00000000c2a00000, 0x00000000c2a00000| Untracked 
|  43|0x00000000c2b00000, 0x00000000c2b00000, 0x00000000c2c00000|  0%| F|  |TAMS 0x00000000c2b00000, 0x00000000c2b00000| Untracked 
|  44|0x00000000c2c00000, 0x00000000c2c00000, 0x00000000c2d00000|  0%| F|  |TAMS 0x00000000c2c00000, 0x00000000c2c00000| Untracked 
|  45|0x00000000c2d00000, 0x00000000c2d00000, 0x00000000c2e00000|  0%| F|  |TAMS 0x00000000c2d00000, 0x00000000c2d00000| Untracked 
|  46|0x00000000c2e00000, 0x00000000c2e00000, 0x00000000c2f00000|  0%| F|  |TAMS 0x00000000c2e00000, 0x00000000c2e00000| Untracked 
|  47|0x00000000c2f00000, 0x00000000c2f00000, 0x00000000c3000000|  0%| F|  |TAMS 0x00000000c2f00000, 0x00000000c2f00000| Untracked 
|  48|0x00000000c3000000, 0x00000000c3000000, 0x00000000c3100000|  0%| F|  |TAMS 0x00000000c3000000, 0x00000000c3000000| Untracked 
|  87|0x00000000c5700000, 0x00000000c5700000, 0x00000000c5800000|  0%| F|  |TAMS 0x00000000c5700000, 0x00000000c5700000| Untracked 
|  88|0x00000000c5800000, 0x00000000c5800000, 0x00000000c5900000|  0%| F|  |TAMS 0x00000000c5800000, 0x00000000c5800000| Untracked 
|  89|0x00000000c5900000, 0x00000000c5900000, 0x00000000c5a00000|  0%| F|  |TAMS 0x00000000c5900000, 0x00000000c5900000| Untracked 
|  90|0x00000000c5a00000, 0x00000000c5a00000, 0x00000000c5b00000|  0%| F|  |TAMS 0x00000000c5a00000, 0x00000000c5a00000| Untracked 
|  91|0x00000000c5b00000, 0x00000000c5b00000, 0x00000000c5c00000|  0%| F|  |TAMS 0x00000000c5b00000, 0x00000000c5b00000| Untracked 
|  92|0x00000000c5c00000, 0x00000000c5c00000, 0x00000000c5d00000|  0%| F|  |TAMS 0x00000000c5c00000, 0x00000000c5c00000| Untracked 
| 124|0x00000000c7c00000, 0x00000000c7c00000, 0x00000000c7d00000|  0%| F|  |TAMS 0x00000000c7c00000, 0x00000000c7c00000| Untracked 
| 125|0x00000000c7d00000, 0x00000000c7d1e3e0, 0x00000000c7e00000| 11%| E|  |TAMS 0x00000000c7d00000, 0x00000000c7d00000| Complete 

Card table byte_map: [0x0000020545f50000,0x0000020546150000] _byte_map_base: 0x0000020545950000

Marking Bits (Prev, Next): (CMBitMap*) 0x000002053e4956c0, (CMBitMap*) 0x000002053e495680
 Prev Bits: [0x0000020547350000, 0x0000020548350000)
 Next Bits: [0x0000020546350000, 0x0000020547350000)

Polling page: 0x0000020542890000

Metaspace:

Usage:
  Non-class:     31.55 MB used.
      Class:      4.69 MB used.
       Both:     36.24 MB used.

Virtual space:
  Non-class space:       64.00 MB reserved,      31.88 MB ( 50%) committed,  1 nodes.
      Class space:        1.00 GB reserved,       4.88 MB ( <1%) committed,  1 nodes.
             Both:        1.06 GB reserved,      36.75 MB (  3%) committed. 

Chunk freelists:
   Non-Class:  15.59 MB
       Class:  11.08 MB
        Both:  26.67 MB

MaxMetaspaceSize: unlimited
CompressedClassSpaceSize: 1.00 GB
Initial GC threshold: 21.00 MB
Current GC threshold: 61.25 MB
CDS: off
MetaspaceReclaimPolicy: balanced
 - commit_granule_bytes: 65536.
 - commit_granule_words: 8192.
 - virtual_space_node_default_size: 8388608.
 - enlarge_chunks_in_place: 1.
 - new_chunks_are_fully_committed: 0.
 - uncommit_free_chunks: 1.
 - use_allocation_guard: 0.
 - handle_deallocations: 1.


Internal statistics:

num_allocs_failed_limit: 8.
num_arena_births: 464.
num_arena_deaths: 132.
num_vsnodes_births: 2.
num_vsnodes_deaths: 0.
num_space_committed: 588.
num_space_uncommitted: 0.
num_chunks_returned_to_freelist: 156.
num_chunks_taken_from_freelist: 1567.
num_chunk_merges: 53.
num_chunk_splits: 1072.
num_chunks_enlarged: 799.
num_inconsistent_stats: 0.

CodeCache: size=49152Kb used=6608Kb max_used=7037Kb free=42543Kb
 bounds [0x00000205428b0000, 0x0000020542f90000, 0x00000205458b0000]
 total_blobs=4079 nmethods=3544 adapters=462
 compilation: enabled
              stopped_count=0, restarted_count=0
 full_count=0

Compilation events (20 events):
Event: 1311.341 Thread 0x000002054a995d40 3563       1       java.util.concurrent.ConcurrentLinkedDeque::toArrayInternal (141 bytes)
Event: 1311.343 Thread 0x000002054a995d40 nmethod 3563 0x0000020542a46b10 code [0x0000020542a46d00, 0x0000020542a473d8]
Event: 1311.343 Thread 0x000002054a995d40 3559       1       reactor.core.scheduler.BoundedElasticScheduler$BoundedServices::eviction (90 bytes)
Event: 1311.345 Thread 0x000002054a995d40 nmethod 3559 0x0000020542a46310 code [0x0000020542a46500, 0x0000020542a46888]
Event: 1311.345 Thread 0x000002054a995d40 3560       1       java.time.Clock$TickClock::millis (23 bytes)
Event: 1311.345 Thread 0x000002054a995d40 nmethod 3560 0x0000020542a45e90 code [0x0000020542a46040, 0x0000020542a461e8]
Event: 1311.345 Thread 0x000002054a995d40 3561       1       java.time.Clock$SystemClock::millis (4 bytes)
Event: 1311.346 Thread 0x000002054a995d40 nmethod 3561 0x0000020542a45b90 code [0x0000020542a45d20, 0x0000020542a45df8]
Event: 1311.346 Thread 0x000002054a995d40 3562       1       java.util.concurrent.ConcurrentLinkedDeque::toArray (6 bytes)
Event: 1311.346 Thread 0x000002054a995d40 nmethod 3562 0x0000020542a45890 code [0x0000020542a45a20, 0x0000020542a45b08]
Event: 1318.589 Thread 0x000002054a995d40 3564   !   1       java.lang.ref.Reference::processPendingReferences (118 bytes)
Event: 1318.590 Thread 0x000002054a995d40 nmethod 3564 0x0000020542a44c90 code [0x0000020542a44ee0, 0x0000020542a45538]
Event: 1330.954 Thread 0x000002054a995d40 3565       1       java.util.concurrent.locks.AbstractQueuedSynchronizer$ConditionObject::unlinkCancelledWaiters (91 bytes)
Event: 1330.955 Thread 0x000002054a995d40 nmethod 3565 0x0000020542a44710 code [0x0000020542a448c0, 0x0000020542a44b58]
Event: 1330.955 Thread 0x000002054a995d40 3566   !   1       java.util.concurrent.FutureTask::runAndReset (125 bytes)
Event: 1330.959 Thread 0x000002054a995d40 nmethod 3566 0x0000020542a43690 code [0x0000020542a43900, 0x0000020542a44238]
Event: 1349.765 Thread 0x000002054a995d40 3567       1       java.lang.Runtime::getRuntime (4 bytes)
Event: 1349.765 Thread 0x000002054a995d40 nmethod 3567 0x0000020542a43390 code [0x0000020542a43520, 0x0000020542a435d8]
Event: 1359.808 Thread 0x000002054a995d40 3568       1       org.springframework.ide.vscode.commons.languageserver.util.SimpleLanguageServer::getParentProcessId (5 bytes)
Event: 1359.809 Thread 0x000002054a995d40 nmethod 3568 0x0000020542a43090 code [0x0000020542a43220, 0x0000020542a432f8]

GC Heap History (20 events):
Event: 1297.706 GC heap before
{Heap before GC invocations=125 (full 115):
 garbage-first heap   total 58368K, used 18141K [0x00000000c0000000, 0x0000000100000000)
  region size 1024K, 1 young (1024K), 0 survivors (0K)
 Metaspace       used 37113K, committed 37632K, reserved 1114112K
  class space    used 4804K, committed 4992K, reserved 1048576K
}
Event: 1297.751 GC heap after
{Heap after GC invocations=126 (full 116):
 garbage-first heap   total 58368K, used 18141K [0x00000000c0000000, 0x0000000100000000)
  region size 1024K, 0 young (0K), 0 survivors (0K)
 Metaspace       used 37113K, committed 37632K, reserved 1114112K
  class space    used 4804K, committed 4992K, reserved 1048576K
}
Event: 1308.139 GC heap before
{Heap before GC invocations=126 (full 116):
 garbage-first heap   total 58368K, used 18141K [0x00000000c0000000, 0x0000000100000000)
  region size 1024K, 1 young (1024K), 0 survivors (0K)
 Metaspace       used 37113K, committed 37632K, reserved 1114112K
  class space    used 4804K, committed 4992K, reserved 1048576K
}
Event: 1308.173 GC heap after
{Heap after GC invocations=127 (full 117):
 garbage-first heap   total 58368K, used 18141K [0x00000000c0000000, 0x0000000100000000)
  region size 1024K, 0 young (0K), 0 survivors (0K)
 Metaspace       used 37113K, committed 37632K, reserved 1114112K
  class space    used 4804K, committed 4992K, reserved 1048576K
}
Event: 1318.551 GC heap before
{Heap before GC invocations=127 (full 117):
 garbage-first heap   total 58368K, used 18141K [0x00000000c0000000, 0x0000000100000000)
  region size 1024K, 1 young (1024K), 0 survivors (0K)
 Metaspace       used 37113K, committed 37632K, reserved 1114112K
  class space    used 4804K, committed 4992K, reserved 1048576K
}
Event: 1318.588 GC heap after
{Heap after GC invocations=128 (full 118):
 garbage-first heap   total 58368K, used 18141K [0x00000000c0000000, 0x0000000100000000)
  region size 1024K, 0 young (0K), 0 survivors (0K)
 Metaspace       used 37113K, committed 37632K, reserved 1114112K
  class space    used 4804K, committed 4992K, reserved 1048576K
}
Event: 1328.973 GC heap before
{Heap before GC invocations=128 (full 118):
 garbage-first heap   total 58368K, used 18141K [0x00000000c0000000, 0x0000000100000000)
  region size 1024K, 1 young (1024K), 0 survivors (0K)
 Metaspace       used 37113K, committed 37632K, reserved 1114112K
  class space    used 4804K, committed 4992K, reserved 1048576K
}
Event: 1329.012 GC heap after
{Heap after GC invocations=129 (full 119):
 garbage-first heap   total 58368K, used 18141K [0x00000000c0000000, 0x0000000100000000)
  region size 1024K, 0 young (0K), 0 survivors (0K)
 Metaspace       used 37113K, committed 37632K, reserved 1114112K
  class space    used 4804K, committed 4992K, reserved 1048576K
}
Event: 1339.368 GC heap before
{Heap before GC invocations=129 (full 119):
 garbage-first heap   total 58368K, used 18141K [0x00000000c0000000, 0x0000000100000000)
  region size 1024K, 1 young (1024K), 0 survivors (0K)
 Metaspace       used 37113K, committed 37632K, reserved 1114112K
  class space    used 4804K, committed 4992K, reserved 1048576K
}
Event: 1339.405 GC heap after
{Heap after GC invocations=130 (full 120):
 garbage-first heap   total 58368K, used 18141K [0x00000000c0000000, 0x0000000100000000)
  region size 1024K, 0 young (0K), 0 survivors (0K)
 Metaspace       used 37113K, committed 37632K, reserved 1114112K
  class space    used 4804K, committed 4992K, reserved 1048576K
}
Event: 1349.765 GC heap before
{Heap before GC invocations=130 (full 120):
 garbage-first heap   total 58368K, used 18141K [0x00000000c0000000, 0x0000000100000000)
  region size 1024K, 1 young (1024K), 0 survivors (0K)
 Metaspace       used 37113K, committed 37632K, reserved 1114112K
  class space    used 4804K, committed 4992K, reserved 1048576K
}
Event: 1349.803 GC heap after
{Heap after GC invocations=131 (full 121):
 garbage-first heap   total 58368K, used 18141K [0x00000000c0000000, 0x0000000100000000)
  region size 1024K, 0 young (0K), 0 survivors (0K)
 Metaspace       used 37113K, committed 37632K, reserved 1114112K
  class space    used 4804K, committed 4992K, reserved 1048576K
}
Event: 1360.259 GC heap before
{Heap before GC invocations=131 (full 121):
 garbage-first heap   total 58368K, used 18141K [0x00000000c0000000, 0x0000000100000000)
  region size 1024K, 1 young (1024K), 0 survivors (0K)
 Metaspace       used 37113K, committed 37632K, reserved 1114112K
  class space    used 4804K, committed 4992K, reserved 1048576K
}
Event: 1360.297 GC heap after
{Heap after GC invocations=132 (full 122):
 garbage-first heap   total 58368K, used 18141K [0x00000000c0000000, 0x0000000100000000)
  region size 1024K, 0 young (0K), 0 survivors (0K)
 Metaspace       used 37113K, committed 37632K, reserved 1114112K
  class space    used 4804K, committed 4992K, reserved 1048576K
}
Event: 1371.211 GC heap before
{Heap before GC invocations=132 (full 122):
 garbage-first heap   total 58368K, used 18141K [0x00000000c0000000, 0x0000000100000000)
  region size 1024K, 1 young (1024K), 0 survivors (0K)
 Metaspace       used 37113K, committed 37632K, reserved 1114112K
  class space    used 4804K, committed 4992K, reserved 1048576K
}
Event: 1371.249 GC heap after
{Heap after GC invocations=133 (full 123):
 garbage-first heap   total 58368K, used 18141K [0x00000000c0000000, 0x0000000100000000)
  region size 1024K, 0 young (0K), 0 survivors (0K)
 Metaspace       used 37113K, committed 37632K, reserved 1114112K
  class space    used 4804K, committed 4992K, reserved 1048576K
}
Event: 1384.339 GC heap before
{Heap before GC invocations=133 (full 123):
 garbage-first heap   total 58368K, used 18141K [0x00000000c0000000, 0x0000000100000000)
  region size 1024K, 1 young (1024K), 0 survivors (0K)
 Metaspace       used 37113K, committed 37632K, reserved 1114112K
  class space    used 4804K, committed 4992K, reserved 1048576K
}
Event: 1384.376 GC heap after
{Heap after GC invocations=134 (full 124):
 garbage-first heap   total 58368K, used 18141K [0x00000000c0000000, 0x0000000100000000)
  region size 1024K, 0 young (0K), 0 survivors (0K)
 Metaspace       used 37113K, committed 37632K, reserved 1114112K
  class space    used 4804K, committed 4992K, reserved 1048576K
}
Event: 1396.342 GC heap before
{Heap before GC invocations=134 (full 124):
 garbage-first heap   total 58368K, used 18141K [0x00000000c0000000, 0x0000000100000000)
  region size 1024K, 1 young (1024K), 0 survivors (0K)
 Metaspace       used 37113K, committed 37632K, reserved 1114112K
  class space    used 4804K, committed 4992K, reserved 1048576K
}
Event: 1396.384 GC heap after
{Heap after GC invocations=135 (full 125):
 garbage-first heap   total 58368K, used 18141K [0x00000000c0000000, 0x0000000100000000)
  region size 1024K, 0 young (0K), 0 survivors (0K)
 Metaspace       used 37113K, committed 37632K, reserved 1114112K
  class space    used 4804K, committed 4992K, reserved 1048576K
}

Dll operation events (7 events):
Event: 0.020 Loaded shared library c:\Users\Lionpro\.vscode\extensions\redhat.java-1.21.0-win32-x64\jre\17.0.7-win32-x86_64\bin\java.dll
Event: 3.405 Loaded shared library C:\Users\Lionpro\.vscode\extensions\redhat.java-1.21.0-win32-x64\jre\17.0.7-win32-x86_64\bin\net.dll
Event: 3.408 Loaded shared library C:\Users\Lionpro\.vscode\extensions\redhat.java-1.21.0-win32-x64\jre\17.0.7-win32-x86_64\bin\nio.dll
Event: 3.428 Loaded shared library C:\Users\Lionpro\.vscode\extensions\redhat.java-1.21.0-win32-x64\jre\17.0.7-win32-x86_64\bin\zip.dll
Event: 5.773 Loaded shared library C:\Users\Lionpro\.vscode\extensions\redhat.java-1.21.0-win32-x64\jre\17.0.7-win32-x86_64\bin\jimage.dll
Event: 31.768 Loaded shared library C:\Users\Lionpro\.vscode\extensions\redhat.java-1.21.0-win32-x64\jre\17.0.7-win32-x86_64\bin\management.dll
Event: 31.773 Loaded shared library C:\Users\Lionpro\.vscode\extensions\redhat.java-1.21.0-win32-x64\jre\17.0.7-win32-x86_64\bin\management_ext.dll

Deoptimization events (6 events):
Event: 20.919 Thread 0x000002053e45a2a0 DEOPT PACKING pc=0x0000020542e2a099 sp=0x00000026a70fd5d0
Event: 20.919 Thread 0x000002053e45a2a0 DEOPT UNPACKING pc=0x0000020542907143 sp=0x00000026a70fcab0 mode 3
Event: 33.596 Thread 0x000002055008ad10 DEOPT PACKING pc=0x0000020542f7fbb5 sp=0x00000026a8cfe200
Event: 33.596 Thread 0x000002055008ad10 DEOPT UNPACKING pc=0x0000020542907143 sp=0x00000026a8cfd728 mode 3
Event: 506.681 Thread 0x00000205503ec7f0 DEOPT PACKING pc=0x0000020542ea0e54 sp=0x00000026a8bff270
Event: 506.681 Thread 0x00000205503ec7f0 DEOPT UNPACKING pc=0x0000020542907143 sp=0x00000026a8bfe718 mode 0

Classes unloaded (20 events):
Event: 82.487 Thread 0x000002054a901f30 Unloading class 0x000000010021a800 'java/lang/invoke/LambdaForm$MH+0x000000010021a800'
Event: 82.487 Thread 0x000002054a901f30 Unloading class 0x0000000100215000 'java/lang/invoke/LambdaForm$DMH+0x0000000100215000'
Event: 82.487 Thread 0x000002054a901f30 Unloading class 0x0000000100091c00 'java/lang/invoke/LambdaForm$MH+0x0000000100091c00'
Event: 82.487 Thread 0x000002054a901f30 Unloading class 0x0000000100091800 'java/lang/invoke/LambdaForm$MH+0x0000000100091800'
Event: 82.487 Thread 0x000002054a901f30 Unloading class 0x0000000100091400 'java/lang/invoke/LambdaForm$MH+0x0000000100091400'
Event: 82.487 Thread 0x000002054a901f30 Unloading class 0x0000000100091000 'java/lang/invoke/LambdaForm$MH+0x0000000100091000'
Event: 82.487 Thread 0x000002054a901f30 Unloading class 0x0000000100090c00 'java/lang/invoke/LambdaForm$MH+0x0000000100090c00'
Event: 82.487 Thread 0x000002054a901f30 Unloading class 0x0000000100090800 'java/lang/invoke/LambdaForm$MH+0x0000000100090800'
Event: 82.487 Thread 0x000002054a901f30 Unloading class 0x0000000100090400 'java/lang/invoke/LambdaForm$MH+0x0000000100090400'
Event: 82.487 Thread 0x000002054a901f30 Unloading class 0x0000000100090000 'java/lang/invoke/LambdaForm$MH+0x0000000100090000'
Event: 82.487 Thread 0x000002054a901f30 Unloading class 0x000000010008b800 'java/lang/invoke/LambdaForm$MH+0x000000010008b800'
Event: 82.487 Thread 0x000002054a901f30 Unloading class 0x000000010008b400 'java/lang/invoke/LambdaForm$MH+0x000000010008b400'
Event: 82.488 Thread 0x000002054a901f30 Unloading class 0x000000010008b000 'java/lang/invoke/LambdaForm$MH+0x000000010008b000'
Event: 82.488 Thread 0x000002054a901f30 Unloading class 0x000000010008ac00 'java/lang/invoke/LambdaForm$MH+0x000000010008ac00'
Event: 82.488 Thread 0x000002054a901f30 Unloading class 0x000000010008a800 'java/lang/invoke/LambdaForm$MH+0x000000010008a800'
Event: 82.488 Thread 0x000002054a901f30 Unloading class 0x000000010008a400 'java/lang/invoke/LambdaForm$MH+0x000000010008a400'
Event: 82.488 Thread 0x000002054a901f30 Unloading class 0x0000000100089c00 'java/lang/invoke/LambdaForm$MH+0x0000000100089c00'
Event: 82.488 Thread 0x000002054a901f30 Unloading class 0x0000000100089400 'java/lang/invoke/LambdaForm$MH+0x0000000100089400'
Event: 82.488 Thread 0x000002054a901f30 Unloading class 0x0000000100088c00 'java/lang/invoke/LambdaForm$MH+0x0000000100088c00'
Event: 82.488 Thread 0x000002054a901f30 Unloading class 0x0000000100088400 'java/lang/invoke/LambdaForm$MH+0x0000000100088400'

Classes redefined (0 events):
No events

Internal exceptions (20 events):
Event: 24.543 Thread 0x000002053e45a2a0 Exception <a 'java/lang/NoSuchMethodError'{0x00000000c2b730a8}: 'int java.lang.invoke.Invokers$Holder.linkToTargetMethod(java.lang.Object, java.lang.Object)'> (0x00000000c2b730a8) 
thrown [s\src\hotspot\share\interpreter\linkResolver.cpp, line 759]
Event: 24.614 Thread 0x000002053e45a2a0 Exception <a 'java/lang/NoSuchMethodError'{0x00000000c2a43af8}: 'java.lang.Object java.lang.invoke.DirectMethodHandle$Holder.invokeSpecial(java.lang.Object, java.lang.Object, java.lang.Object, java.lang.Object, java.lang.Object, java.lang.Object, java.lang.Object, java.lang.Object, java.lang.Object, java.lang.Object)'> (0x00000000c2a43af8) 
thrown [s\src\hotspot\share\interpreter\linkResolver.cpp, line 759]
Event: 24.614 Thread 0x000002053e45a2a0 Exception <a 'java/lang/NoSuchMethodError'{0x00000000c2a480e0}: 'java.lang.Object java.lang.invoke.Invokers$Holder.invoke_MT(java.lang.Object, java.lang.Object, java.lang.Object, java.lang.Object, java.lang.Object, java.lang.Object, java.lang.Object, java.lang.Object, java.lang.Object, java.lang.Object)'> (0x00000000c2a480e0) 
thrown [s\src\hotspot\share\interpreter\linkResolver.cpp, line 759]
Event: 24.630 Thread 0x000002053e45a2a0 Exception <a 'java/lang/NoSuchMethodError'{0x00000000c2a8d570}: 'java.lang.Object java.lang.invoke.DirectMethodHandle$Holder.invokeSpecial(java.lang.Object, java.lang.Object, int, java.lang.Object, java.lang.Object)'> (0x00000000c2a8d570) 
thrown [s\src\hotspot\share\interpreter\linkResolver.cpp, line 759]
Event: 24.631 Thread 0x000002053e45a2a0 Exception <a 'java/lang/NoSuchMethodError'{0x00000000c2a91218}: 'java.lang.Object java.lang.invoke.DelegatingMethodHandle$Holder.delegate(java.lang.Object, int, java.lang.Object, java.lang.Object)'> (0x00000000c2a91218) 
thrown [s\src\hotspot\share\interpreter\linkResolver.cpp, line 759]
Event: 24.634 Thread 0x000002053e45a2a0 Exception <a 'java/lang/NoSuchMethodError'{0x00000000c2aa20a0}: 'int java.lang.invoke.Invokers$Holder.linkToTargetMethod(java.lang.Object, java.lang.Object, java.lang.Object)'> (0x00000000c2aa20a0) 
thrown [s\src\hotspot\share\interpreter\linkResolver.cpp, line 759]
Event: 24.995 Thread 0x000002053e45a2a0 Exception <a 'java/lang/NoSuchMethodError'{0x00000000c270d350}: 'void java.lang.invoke.DirectMethodHandle$Holder.invokeSpecial(java.lang.Object, java.lang.Object, java.lang.Object, java.lang.Object, java.lang.Object, java.lang.Object)'> (0x00000000c270d350) 
thrown [s\src\hotspot\share\interpreter\linkResolver.cpp, line 759]
Event: 25.231 Thread 0x000002053e45a2a0 Exception <a 'java/lang/NoSuchMethodError'{0x00000000c26ad2a0}: 'java.lang.Object java.lang.invoke.DirectMethodHandle$Holder.invokeStaticInit(java.lang.Object, int, int, int, int)'> (0x00000000c26ad2a0) 
thrown [s\src\hotspot\share\interpreter\linkResolver.cpp, line 759]
Event: 25.480 Thread 0x000002053e45a2a0 Exception <a 'java/lang/NoSuchMethodError'{0x00000000c26f8da0}: 'java.lang.Object java.lang.invoke.DirectMethodHandle$Holder.invokeStaticInit(java.lang.Object, java.lang.Object, int, int, int, int)'> (0x00000000c26f8da0) 
thrown [s\src\hotspot\share\interpreter\linkResolver.cpp, line 759]
Event: 26.868 Thread 0x000002053e45a2a0 Exception <a 'java/lang/NoSuchMethodError'{0x00000000c5894228}: 'void java.lang.invoke.DirectMethodHandle$Holder.invokeSpecialIFC(java.lang.Object, java.lang.Object, java.lang.Object)'> (0x00000000c5894228) 
thrown [s\src\hotspot\share\interpreter\linkResolver.cpp, line 759]
Event: 28.971 Thread 0x000002053e45a2a0 Exception <a 'java/lang/NoSuchMethodError'{0x00000000c5b450d8}: 'void java.lang.invoke.DirectMethodHandle$Holder.invokeSpecial(java.lang.Object, java.lang.Object, java.lang.Object, java.lang.Object, java.lang.Object, java.lang.Object, java.lang.Object)'> (0x00000000c5b450d8) 
thrown [s\src\hotspot\share\interpreter\linkResolver.cpp, line 759]
Event: 30.506 Thread 0x000002053e45a2a0 Exception <a 'java/lang/NoSuchMethodError'{0x00000000c5810ed0}: 'java.lang.Object java.lang.invoke.DirectMethodHandle$Holder.invokeInterface(java.lang.Object, java.lang.Object, int)'> (0x00000000c5810ed0) 
thrown [s\src\hotspot\share\interpreter\linkResolver.cpp, line 759]
Event: 30.610 Thread 0x000002053e45a2a0 Exception <a 'java/lang/IncompatibleClassChangeError'{0x00000000c5823c70}: Found class java.lang.Object, but interface was expected> (0x00000000c5823c70) 
thrown [s\src\hotspot\share\interpreter\linkResolver.cpp, line 826]
Event: 31.677 Thread 0x000002053e45a2a0 Exception <a 'java/lang/NoSuchMethodError'{0x00000000c2e0fb88}: 'java.lang.Object java.lang.invoke.DirectMethodHandle$Holder.newInvokeSpecial(java.lang.Object, java.lang.Object, int, java.lang.Object, java.lang.Object)'> (0x00000000c2e0fb88) 
thrown [s\src\hotspot\share\interpreter\linkResolver.cpp, line 759]
Event: 31.681 Thread 0x000002053e45a2a0 Exception <a 'java/lang/NoSuchMethodError'{0x00000000c2e21bf0}: 'java.lang.Object java.lang.invoke.DirectMethodHandle$Holder.invokeSpecial(java.lang.Object, java.lang.Object, int, java.lang.Object, int, java.lang.Object)'> (0x00000000c2e21bf0) 
thrown [s\src\hotspot\share\interpreter\linkResolver.cpp, line 759]
Event: 31.682 Thread 0x000002053e45a2a0 Exception <a 'java/lang/NoSuchMethodError'{0x00000000c2e299f8}: 'java.lang.Object java.lang.invoke.DirectMethodHandle$Holder.newInvokeSpecial(java.lang.Object, java.lang.Object, int, java.lang.Object, int)'> (0x00000000c2e299f8) 
thrown [s\src\hotspot\share\interpreter\linkResolver.cpp, line 759]
Event: 31.682 Thread 0x000002053e45a2a0 Exception <a 'java/lang/NoSuchMethodError'{0x00000000c2e2daf8}: 'java.lang.Object java.lang.invoke.DirectMethodHandle$Holder.invokeSpecial(java.lang.Object, java.lang.Object, java.lang.Object, int, java.lang.Object, int)'> (0x00000000c2e2daf8) 
thrown [s\src\hotspot\share\interpreter\linkResolver.cpp, line 759]
Event: 33.482 Thread 0x00000205503ec7f0 Exception <a 'java/lang/NoSuchMethodError'{0x00000000c58e2658}: 'java.lang.Object java.lang.invoke.DirectMethodHandle$Holder.invokeStatic(java.lang.Object, java.lang.Object, java.lang.Object, int, java.lang.Object, java.lang.Object)'> (0x00000000c58e2658) 
thrown [s\src\hotspot\share\interpreter\linkResolver.cpp, line 759]
Event: 71.594 Thread 0x000002054f6d1250 Exception <a 'java/lang/NoSuchMethodError'{0x00000000c2f69360}: 'void java.lang.invoke.DirectMethodHandle$Holder.invokeStatic(java.lang.Object, long)'> (0x00000000c2f69360) 
thrown [s\src\hotspot\share\interpreter\linkResolver.cpp, line 759]
Event: 71.596 Thread 0x000002054f6d1250 Exception <a 'java/lang/NoSuchMethodError'{0x00000000c2f6e708}: 'java.lang.Object java.lang.invoke.DirectMethodHandle$Holder.newInvokeSpecial(java.lang.Object, long)'> (0x00000000c2f6e708) 
thrown [s\src\hotspot\share\interpreter\linkResolver.cpp, line 759]

VM Operations (20 events):
Event: 1308.173 Executing VM operation: G1CollectFull done
Event: 1318.551 Executing VM operation: G1CollectFull
Event: 1318.589 Executing VM operation: G1CollectFull done
Event: 1321.605 Executing VM operation: Cleanup
Event: 1321.605 Executing VM operation: Cleanup done
Event: 1328.973 Executing VM operation: G1CollectFull
Event: 1329.012 Executing VM operation: G1CollectFull done
Event: 1339.368 Executing VM operation: G1CollectFull
Event: 1339.405 Executing VM operation: G1CollectFull done
Event: 1349.765 Executing VM operation: G1CollectFull
Event: 1349.804 Executing VM operation: G1CollectFull done
Event: 1360.259 Executing VM operation: G1CollectFull
Event: 1360.297 Executing VM operation: G1CollectFull done
Event: 1371.211 Executing VM operation: G1CollectFull
Event: 1371.249 Executing VM operation: G1CollectFull done
Event: 1384.339 Executing VM operation: G1CollectFull
Event: 1384.376 Executing VM operation: G1CollectFull done
Event: 1396.342 Executing VM operation: G1CollectFull
Event: 1396.384 Executing VM operation: G1CollectFull done
Event: 1407.858 Executing VM operation: G1CollectFull

Events (20 events):
Event: 34.812 loading class java/util/concurrent/CompletableFuture$UniRelay
Event: 34.813 loading class java/util/concurrent/CompletableFuture$UniRelay done
Event: 39.904 Thread 0x000002054ace2580 Thread exited: 0x000002054ace2580
Event: 71.548 loading class java/lang/ProcessBuilder
Event: 71.550 loading class java/lang/ProcessBuilder done
Event: 71.550 loading class java/lang/ProcessImpl
Event: 71.552 loading class java/lang/ProcessImpl done
Event: 71.597 loading class java/lang/ProcessImpl$2
Event: 71.598 loading class java/lang/ProcessImpl$2 done
Event: 71.598 loading class java/lang/Process$PipeInputStream
Event: 71.598 loading class java/lang/Process$PipeInputStream done
Event: 71.601 loading class jdk/internal/event/ProcessStartEvent
Event: 71.601 loading class jdk/internal/event/ProcessStartEvent done
Event: 72.000 loading class java/io/FileOutputStream$1
Event: 72.000 loading class java/io/FileOutputStream$1 done
Event: 94.816 Thread 0x000002055045b200 Thread exited: 0x000002055045b200
Event: 94.890 Thread 0x000002054fc2bda0 Thread exited: 0x000002054fc2bda0
Event: 94.908 Thread 0x000002055045b6d0 Thread exited: 0x000002055045b6d0
Event: 506.685 Thread 0x000002054ace2580 Thread added: 0x000002054ace2580
Event: 566.700 Thread 0x000002054ace2580 Thread exited: 0x000002054ace2580


Dynamic libraries:
0x00007ff7bc080000 - 0x00007ff7bc08e000 	c:\Users\Lionpro\.vscode\extensions\redhat.java-1.21.0-win32-x64\jre\17.0.7-win32-x86_64\bin\java.exe
0x00007ffb86fe0000 - 0x00007ffb871e9000 	C:\WINDOWS\SYSTEM32\ntdll.dll
0x00007ffb85790000 - 0x00007ffb8584e000 	C:\WINDOWS\System32\KERNEL32.DLL
0x00007ffb84830000 - 0x00007ffb84bb4000 	C:\WINDOWS\System32\KERNELBASE.dll
0x00007ffb84530000 - 0x00007ffb84641000 	C:\WINDOWS\System32\ucrtbase.dll
0x00007ffb14de0000 - 0x00007ffb14df7000 	c:\Users\Lionpro\.vscode\extensions\redhat.java-1.21.0-win32-x64\jre\17.0.7-win32-x86_64\bin\jli.dll
0x00007ffb85850000 - 0x00007ffb859fd000 	C:\WINDOWS\System32\USER32.dll
0x00007ffb84e20000 - 0x00007ffb84e46000 	C:\WINDOWS\System32\win32u.dll
0x00007ffb85680000 - 0x00007ffb856aa000 	C:\WINDOWS\System32\GDI32.dll
0x00007ffb84d00000 - 0x00007ffb84e1f000 	C:\WINDOWS\System32\gdi32full.dll
0x00007ffb84490000 - 0x00007ffb8452d000 	C:\WINDOWS\System32\msvcp_win.dll
0x00007ffb14dc0000 - 0x00007ffb14dd9000 	c:\Users\Lionpro\.vscode\extensions\redhat.java-1.21.0-win32-x64\jre\17.0.7-win32-x86_64\bin\VCRUNTIME140.dll
0x00007ffb72f50000 - 0x00007ffb731f5000 	C:\WINDOWS\WinSxS\amd64_microsoft.windows.common-controls_6595b64144ccf1df_6.0.22000.120_none_9d947278b86cc467\COMCTL32.dll
0x00007ffb86230000 - 0x00007ffb862d3000 	C:\WINDOWS\System32\msvcrt.dll
0x00007ffb864a0000 - 0x00007ffb864d1000 	C:\WINDOWS\System32\IMM32.DLL
0x00007ffb23080000 - 0x00007ffb2308c000 	c:\Users\Lionpro\.vscode\extensions\redhat.java-1.21.0-win32-x64\jre\17.0.7-win32-x86_64\bin\vcruntime140_1.dll
0x00007ffb14d20000 - 0x00007ffb14db1000 	c:\Users\Lionpro\.vscode\extensions\redhat.java-1.21.0-win32-x64\jre\17.0.7-win32-x86_64\bin\msvcp140.dll
0x00007ffb140d0000 - 0x00007ffb14d18000 	c:\Users\Lionpro\.vscode\extensions\redhat.java-1.21.0-win32-x64\jre\17.0.7-win32-x86_64\bin\server\jvm.dll
0x00007ffb86d90000 - 0x00007ffb86e3f000 	C:\WINDOWS\System32\ADVAPI32.dll
0x00007ffb85400000 - 0x00007ffb8549e000 	C:\WINDOWS\System32\sechost.dll
0x00007ffb86e60000 - 0x00007ffb86f81000 	C:\WINDOWS\System32\RPCRT4.dll
0x00007ffb748a0000 - 0x00007ffb748a9000 	C:\WINDOWS\SYSTEM32\WSOCK32.dll
0x00007ffb862e0000 - 0x00007ffb8634f000 	C:\WINDOWS\System32\WS2_32.dll
0x00007ffb7d840000 - 0x00007ffb7d873000 	C:\WINDOWS\SYSTEM32\WINMM.dll
0x00007ffb75e30000 - 0x00007ffb75e3a000 	C:\WINDOWS\SYSTEM32\VERSION.dll
0x00007ffb83600000 - 0x00007ffb83618000 	C:\WINDOWS\SYSTEM32\kernel.appcore.dll
0x00007ffb21db0000 - 0x00007ffb21dba000 	c:\Users\Lionpro\.vscode\extensions\redhat.java-1.21.0-win32-x64\jre\17.0.7-win32-x86_64\bin\jimage.dll
0x00007ffb74910000 - 0x00007ffb74b31000 	C:\WINDOWS\SYSTEM32\DBGHELP.DLL
0x00007ffb748d0000 - 0x00007ffb74901000 	C:\WINDOWS\SYSTEM32\dbgcore.DLL
0x00007ffb84bc0000 - 0x00007ffb84c3f000 	C:\WINDOWS\System32\bcryptPrimitives.dll
0x00007ffb13fe0000 - 0x00007ffb14005000 	c:\Users\Lionpro\.vscode\extensions\redhat.java-1.21.0-win32-x64\jre\17.0.7-win32-x86_64\bin\java.dll
0x00007ffb140b0000 - 0x00007ffb140c8000 	c:\Users\Lionpro\.vscode\extensions\redhat.java-1.21.0-win32-x64\jre\17.0.7-win32-x86_64\bin\zip.dll
0x00007ffb85a60000 - 0x00007ffb86225000 	C:\WINDOWS\System32\SHELL32.dll
0x00007ffb82580000 - 0x00007ffb82de4000 	C:\WINDOWS\SYSTEM32\windows.storage.dll
0x00007ffb86850000 - 0x00007ffb86bc6000 	C:\WINDOWS\System32\combase.dll
0x00007ffb82410000 - 0x00007ffb82577000 	C:\WINDOWS\SYSTEM32\wintypes.dll
0x00007ffb86690000 - 0x00007ffb8677a000 	C:\WINDOWS\System32\SHCORE.dll
0x00007ffb854a0000 - 0x00007ffb854fd000 	C:\WINDOWS\System32\shlwapi.dll
0x00007ffb843c0000 - 0x00007ffb843e1000 	C:\WINDOWS\SYSTEM32\profapi.dll
0x00007ffb14090000 - 0x00007ffb140a9000 	C:\Users\Lionpro\.vscode\extensions\redhat.java-1.21.0-win32-x64\jre\17.0.7-win32-x86_64\bin\net.dll
0x00007ffb7d2f0000 - 0x00007ffb7d403000 	C:\WINDOWS\SYSTEM32\WINHTTP.dll
0x00007ffb83aa0000 - 0x00007ffb83b07000 	C:\WINDOWS\system32\mswsock.dll
0x00007ffb14070000 - 0x00007ffb14085000 	C:\Users\Lionpro\.vscode\extensions\redhat.java-1.21.0-win32-x64\jre\17.0.7-win32-x86_64\bin\nio.dll
0x00007ffb83cf0000 - 0x00007ffb83d08000 	C:\WINDOWS\SYSTEM32\CRYPTSP.dll
0x00007ffb83560000 - 0x00007ffb83595000 	C:\WINDOWS\system32\rsaenh.dll
0x00007ffb83ba0000 - 0x00007ffb83bc9000 	C:\WINDOWS\SYSTEM32\USERENV.dll
0x00007ffb83e70000 - 0x00007ffb83e97000 	C:\WINDOWS\SYSTEM32\bcrypt.dll
0x00007ffb83d10000 - 0x00007ffb83d1c000 	C:\WINDOWS\SYSTEM32\CRYPTBASE.dll
0x00007ffb83120000 - 0x00007ffb8314d000 	C:\WINDOWS\SYSTEM32\IPHLPAPI.DLL
0x00007ffb86350000 - 0x00007ffb86359000 	C:\WINDOWS\System32\NSI.dll
0x00007ffb7d580000 - 0x00007ffb7d599000 	C:\WINDOWS\SYSTEM32\dhcpcsvc6.DLL
0x00007ffb7d820000 - 0x00007ffb7d83e000 	C:\WINDOWS\SYSTEM32\dhcpcsvc.DLL
0x00007ffb83150000 - 0x00007ffb83238000 	C:\WINDOWS\SYSTEM32\DNSAPI.dll
0x00007ffb80cb0000 - 0x00007ffb80cb9000 	C:\Users\Lionpro\.vscode\extensions\redhat.java-1.21.0-win32-x64\jre\17.0.7-win32-x86_64\bin\management.dll
0x00007ffb80c90000 - 0x00007ffb80c9b000 	C:\Users\Lionpro\.vscode\extensions\redhat.java-1.21.0-win32-x64\jre\17.0.7-win32-x86_64\bin\management_ext.dll
0x00007ffb86f90000 - 0x00007ffb86f98000 	C:\WINDOWS\System32\PSAPI.DLL

dbghelp: loaded successfully - version: 4.0.5 - missing functions: none
symbol engine: initialized successfully - sym options: 0x614 - pdb path: .;c:\Users\Lionpro\.vscode\extensions\redhat.java-1.21.0-win32-x64\jre\17.0.7-win32-x86_64\bin;C:\WINDOWS\SYSTEM32;C:\WINDOWS\WinSxS\amd64_microsoft.windows.common-controls_6595b64144ccf1df_6.0.22000.120_none_9d947278b86cc467;c:\Users\Lionpro\.vscode\extensions\redhat.java-1.21.0-win32-x64\jre\17.0.7-win32-x86_64\bin\server

VM Arguments:
jvm_args: -XX:+HeapDumpOnOutOfMemoryError -Xmx1024m -Dsts.lsp.client=vscode -Dsts.log.file=/dev/null -XX:TieredStopAtLevel=1 -Xlog:jni+resolve=off -Dspring.config.location=file:c:\Users\Lionpro\.vscode\extensions\vmware.vscode-spring-boot-1.47.0\language-server\BOOT-INF\classes\application.properties 
java_command: org.springframework.ide.vscode.boot.app.BootLanguageServerBootApp
java_class_path (initial): c:\Users\Lionpro\.vscode\extensions\vmware.vscode-spring-boot-1.47.0\language-server\BOOT-INF\classes;c:\Users\Lionpro\.vscode\extensions\vmware.vscode-spring-boot-1.47.0\language-server\BOOT-INF\lib\annotations-24.0.1.jar;c:\Users\Lionpro\.vscode\extensions\vmware.vscode-spring-boot-1.47.0\language-server\BOOT-INF\lib\antlr-runtime-3.5.3.jar;c:\Users\Lionpro\.vscode\extensions\vmware.vscode-spring-boot-1.47.0\language-server\BOOT-INF\lib\antlr4-4.11.1.jar;c:\Users\Lionpro\.vscode\extensions\vmware.vscode-spring-boot-1.47.0\language-server\BOOT-INF\lib\antlr4-runtime-4.11.1.jar;c:\Users\Lionpro\.vscode\extensions\vmware.vscode-spring-boot-1.47.0\language-server\BOOT-INF\lib\aopalliance-1.0.jar;c:\Users\Lionpro\.vscode\extensions\vmware.vscode-spring-boot-1.47.0\language-server\BOOT-INF\lib\asm-9.5.jar;c:\Users\Lionpro\.vscode\extensions\vmware.vscode-spring-boot-1.47.0\language-server\BOOT-INF\lib\asm-analysis-9.5.jar;c:\Users\Lionpro\.vscode\extensions\vmware.vscode-spring-boot-1.47.0\language-server\BOOT-INF\lib\asm-tree-9.5.jar;c:\Users\Lionpro\.vscode\extensions\vmware.vscode-spring-boot-1.47.0\language-server\BOOT-INF\lib\asm-util-9.5.jar;c:\Users\Lionpro\.vscode\extensions\vmware.vscode-spring-boot-1.47.0\language-server\BOOT-INF\lib\auto-common-1.2.1.jar;c:\Users\Lionpro\.vscode\extensions\vmware.vscode-spring-boot-1.47.0\language-server\BOOT-INF\lib\auto-value-annotations-1.9.jar;c:\Users\Lionpro\.vscode\extensions\vmware.vscode-spring-boot-1.47.0\language-server\BOOT-INF\lib\caffeine-3.1.2.jar;c:\Users\Lionpro\.vscode\extensions\vmware.vscode-spring-boot-1.47.0\language-server\BOOT-INF\lib\checker-qual-3.12.0.jar;c:\Users\Lionpro\.vscode\extensions\vmware.vscode-spring-boot-1.47.0\language-server\BOOT-INF\lib\classgraph-4.8.149.jar;c:\Users\Lionpro\.vscode\extensions\vmware.vscode-spring-boot-1.47.0\language-server\BOOT-INF\lib\commons-codec-1.15.jar;c:\Users\Lionpro\.vscode\extensions\vmware.vscode-spring-boot-1.47.0\language-s
Launcher Type: SUN_STANDARD

[Global flags]
     intx CICompilerCount                          = 3                                         {product} {ergonomic}
     uint ConcGCThreads                            = 1                                         {product} {ergonomic}
     uint G1ConcRefinementThreads                  = 4                                         {product} {ergonomic}
   size_t G1HeapRegionSize                         = 1048576                                   {product} {ergonomic}
    uintx GCDrainStackTargetSize                   = 64                                        {product} {ergonomic}
     bool HeapDumpOnOutOfMemoryError               = true                                   {manageable} {command line}
   size_t InitialHeapSize                          = 132120576                                 {product} {ergonomic}
   size_t MarkStackSize                            = 4194304                                   {product} {ergonomic}
   size_t MaxHeapSize                              = 1073741824                                {product} {command line}
   size_t MaxNewSize                               = 643825664                                 {product} {ergonomic}
   size_t MinHeapDeltaBytes                        = 1048576                                   {product} {ergonomic}
   size_t MinHeapSize                              = 8388608                                   {product} {ergonomic}
    uintx NonProfiledCodeHeapSize                  = 0                                      {pd product} {ergonomic}
     bool ProfileInterpreter                       = false                                  {pd product} {command line}
    uintx ProfiledCodeHeapSize                     = 0                                      {pd product} {ergonomic}
   size_t SoftMaxHeapSize                          = 1073741824                             {manageable} {ergonomic}
     intx TieredStopAtLevel                        = 1                                         {product} {command line}
     bool UseCompressedClassPointers               = true                           {product lp64_product} {ergonomic}
     bool UseCompressedOops                        = true                           {product lp64_product} {ergonomic}
     bool UseG1GC                                  = true                                      {product} {ergonomic}
     bool UseLargePagesIndividualAllocation        = false                                  {pd product} {ergonomic}

Logging:
Log output configuration:
 #0: stdout all=warning,jni+resolve=off uptime,level,tags
 #1: stderr all=off uptime,level,tags

Environment Variables:
JAVA_HOME=C:\Program Files\Java\jdk1.8.0_271\
PATH=C:\Program Files\Common Files\Oracle\Java\javapath;C:\Program Files (x86)\Common Files\Oracle\Java\javapath;C:\WINDOWS\system32;C:\WINDOWS;C:\WINDOWS\System32\Wbem;C:\WINDOWS\System32\WindowsPowerShell\v1.0\;C:\WINDOWS\System32\OpenSSH\;C:\Users\Lionpro\AppData\Local\Programs\Python\Python311;C:\Program Files\Git\cmd;C:\Program Files\nodejs\;C:\Program Files\MiKTeX 2.9\miktex\bin\x64\;C:\composer;C:\Program Files\PostgreSQL\14\bin;C:\Users\Lionpro\AppData\Local\Programs\Microsoft VS Code\bin;C:\Users\Lionpro\AppData\Roaming\npm;C:\Program Files\JetBrains\PyCharm Community Edition 2023.1.2\bin;;C:\Users\Lionpro\AppData\Roaming\Composer\vendor\bin;C:\xampp\mysql;C:\xampp\php;C:\Program Files\apache-maven-3.8.3\bin\;C:\Program Files\Java\jdk1.8.0_271\bin\;C:\Program Files\Java\jdk-11.0.13\bin\;C:\Program Files\apache-maven-3.8.8\bin;
USERNAME=Lionpro
OS=Windows_NT
PROCESSOR_IDENTIFIER=Intel64 Family 6 Model 58 Stepping 9, GenuineIntel
TMP=C:\Users\Lionpro\AppData\Local\Temp
TEMP=C:\Users\Lionpro\AppData\Local\Temp



---------------  S Y S T E M  ---------------

OS:
 Windows 11 , 64 bit Build 22000 (10.0.22000.1880)
OS uptime: 0 days 9:44 hours

CPU: total 4 (initial active 4) (2 cores per cpu, 2 threads per core) family 6 model 58 stepping 9 microcode 0x21, cx8, cmov, fxsr, ht, mmx, sse, sse2, sse3, ssse3, sse4.1, sse4.2, popcnt, tsc, tscinvbit, avx, aes, erms, clmul, vzeroupper, clflush

Memory: 4k page, system-wide physical 8006M (414M free)
TotalPageFile size 20060M (AvailPageFile size 10M)
current process WorkingSet (physical memory assigned to process): 73M, peak: 146M
current process commit charge ("private bytes"): 178M, peak: 221M

vm_info: OpenJDK 64-Bit Server VM (17.0.7+7) for windows-amd64 JRE (17.0.7+7), built on Apr 18 2023 22:10:42 by "temurin" with MS VC++ 16.7 (VS2019)

END.
